[2019-08-25T01:22:31+02:00] Setting RESO API client id to 'JIMNGO'.
[2019-08-25T01:22:31+02:00] Setting RESO API client secret.
[2019-08-25T01:22:31+02:00] Setting RESO API auth URL to 'https://op.api.crmls.org/identity/connect/authorize'.
[2019-08-25T01:22:31+02:00] Setting RESO API token URL to 'https://op.api.crmls.org/identity/connect/token'.
[2019-08-25T01:22:31+02:00] Setting RESO API request URL to 'https://h.api.crmls.org/RESO/OData/'.
[2019-08-25T01:22:31+02:00] Initiating RESO API authorization.
[2019-08-25T01:24:04+02:00] Setting RESO API client id to 'JIMNGO'.
[2019-08-25T01:24:04+02:00] Setting RESO API client secret.
[2019-08-25T01:24:04+02:00] Setting RESO API auth URL to 'https://op.api.crmls.org/identity/connect/authorize'.
[2019-08-25T01:24:04+02:00] Setting RESO API token URL to 'https://op.api.crmls.org/identity/connect/token'.
[2019-08-25T01:24:04+02:00] Setting RESO API request URL to 'https://h.api.crmls.org/RESO/OData/'.
[2019-08-25T01:24:04+02:00] Initiating RESO API authorization.
[2019-08-25T01:27:11+02:00] Setting RESO API client id to 'JIMNGO'.
[2019-08-25T01:27:11+02:00] Setting RESO API client secret.
[2019-08-25T01:27:11+02:00] Setting RESO API auth URL to 'https://op.api.crmls.org/identity/connect/authorize'.
[2019-08-25T01:27:11+02:00] Setting RESO API token URL to 'https://op.api.crmls.org/identity/connect/token'.
[2019-08-25T01:27:11+02:00] Setting RESO API request URL to 'https://h.api.crmls.org/RESO/OData/'.
[2019-08-25T01:27:11+02:00] Initiating RESO API authorization.
[2019-08-25T01:29:58+02:00] Setting RESO API client id to 'JIMNGO'.
[2019-08-25T01:29:58+02:00] Setting RESO API client secret.
[2019-08-25T01:29:58+02:00] Setting RESO API auth URL to 'https://op.api.crmls.org/identity/connect/authorize'.
[2019-08-25T01:29:58+02:00] Setting RESO API token URL to 'https://op.api.crmls.org/identity/connect/token'.
[2019-08-25T01:29:58+02:00] Setting RESO API request URL to 'https://h.api.crmls.org/RESO/OData/'.
[2019-08-25T01:29:58+02:00] Initiating RESO API authorization.
[2019-08-25T23:24:56+02:00] Setting RESO API client id to 'JIMNGO'.
[2019-08-25T23:24:56+02:00] Setting RESO API client secret.
[2019-08-25T23:24:56+02:00] Setting RESO API auth URL to 'https://op.api.crmls.org/identity/connect/authorize'.
[2019-08-25T23:24:56+02:00] Setting RESO API token URL to 'https://op.api.crmls.org/identity/connect/token'.
[2019-08-25T23:24:56+02:00] Setting RESO API request URL to 'https://h.api.crmls.org/RESO/OData/'.
[2019-08-25T23:24:56+02:00] Initiating RESO API authorization.
